Jan 08, 2026 11:23:47 AM ai.glog.service.GlogService getFromGlog
SEVERE: java.lang.IllegalStateException: Expected BEGIN_ARRAY but was BEGIN_OBJECT at line 1 column 2 path $
{"detail":"JSON parse error - 'utf-8' codec can't decode byte 0xb0 in position 100869: invalid start byte"}
com.google.gson.JsonSyntaxException: java.lang.IllegalStateException: Expected BEGIN_ARRAY but was BEGIN_OBJECT at line 1 column 2 path $
	at com.google.gson.Gson.fromJson(Gson.java:1003)
	at com.google.gson.Gson.fromJson(Gson.java:956)
	at com.google.gson.Gson.fromJson(Gson.java:905)
	at ai.glog.service.GlogService.getFromGlog(GlogService.java:174)
	at ai.glog.execute.workers.TriageAndRemediationCallableWorker.setGeneralRemediation(TriageAndRemediationCallableWorker.java:212)
	at ai.glog.execute.workers.TriageAndRemediationCallableWorker.call(TriageAndRemediationCallableWorker.java:64)
	at ai.glog.execute.workers.TriageAndRemediationCallableWorker.call(TriageAndRemediationCallableWorker.java:32)
	at java.base/java.util.concurrent.FutureTask.run(FutureTask.java:317)
	at java.base/java.util.concurrent.ThreadPoolExecutor.runWorker(ThreadPoolExecutor.java:1144)
	at java.base/java.util.concurrent.ThreadPoolExecutor$Worker.run(ThreadPoolExecutor.java:642)
	at java.base/java.lang.Thread.run(Thread.java:1623)
Caused by: java.lang.IllegalStateException: Expected BEGIN_ARRAY but was BEGIN_OBJECT at line 1 column 2 path $
	at com.google.gson.stream.JsonReader.beginArray(JsonReader.java:350)
	at com.google.gson.internal.bind.ArrayTypeAdapter.read(ArrayTypeAdapter.java:70)
	at com.google.gson.Gson.fromJson(Gson.java:991)
	... 10 more

Jan 08, 2026 11:23:59 AM ai.glog.service.GlogService getFromGlog
SEVERE: java.lang.IllegalStateException: Expected BEGIN_ARRAY but was BEGIN_OBJECT at line 1 column 2 path $
{"detail":"JSON parse error - 'utf-8' codec can't decode byte 0xb0 in position 100869: invalid start byte"}
com.google.gson.JsonSyntaxException: java.lang.IllegalStateException: Expected BEGIN_ARRAY but was BEGIN_OBJECT at line 1 column 2 path $
	at com.google.gson.Gson.fromJson(Gson.java:1003)
	at com.google.gson.Gson.fromJson(Gson.java:956)
	at com.google.gson.Gson.fromJson(Gson.java:905)
	at ai.glog.service.GlogService.getFromGlog(GlogService.java:174)
	at ai.glog.execute.workers.TriageAndRemediationCallableWorker.setGeneralRemediation(TriageAndRemediationCallableWorker.java:212)
	at ai.glog.execute.workers.TriageAndRemediationCallableWorker.call(TriageAndRemediationCallableWorker.java:64)
	at ai.glog.execute.workers.TriageAndRemediationCallableWorker.call(TriageAndRemediationCallableWorker.java:32)
	at java.base/java.util.concurrent.FutureTask.run(FutureTask.java:317)
	at java.base/java.util.concurrent.ThreadPoolExecutor.runWorker(ThreadPoolExecutor.java:1144)
	at java.base/java.util.concurrent.ThreadPoolExecutor$Worker.run(ThreadPoolExecutor.java:642)
	at java.base/java.lang.Thread.run(Thread.java:1623)
Caused by: java.lang.IllegalStateException: Expected BEGIN_ARRAY but was BEGIN_OBJECT at line 1 column 2 path $
	at com.google.gson.stream.JsonReader.beginArray(JsonReader.java:350)
	at com.google.gson.internal.bind.ArrayTypeAdapter.read(ArrayTypeAdapter.java:70)
	at com.google.gson.Gson.fromJson(Gson.java:991)
	... 10 more

Jan 08, 2026 11:33:10 AM ai.glog.execute.workers.FileCallableWorker call
SEVERE: null
java.lang.InterruptedException
	at java.base/java.util.concurrent.locks.AbstractQueuedSynchronizer$ConditionObject.awaitNanos(AbstractQueuedSynchronizer.java:1765)
	at java.base/java.util.concurrent.ThreadPoolExecutor.awaitTermination(ThreadPoolExecutor.java:1475)
	at ai.glog.execute.workers.FileCallableWorker.call(FileCallableWorker.java:62)
	at ai.glog.execute.workers.FileCallableWorker.call(FileCallableWorker.java:18)
	at java.base/java.util.concurrent.FutureTask.run(FutureTask.java:317)
	at java.base/java.util.concurrent.ThreadPoolExecutor.runWorker(ThreadPoolExecutor.java:1144)
	at java.base/java.util.concurrent.ThreadPoolExecutor$Worker.run(ThreadPoolExecutor.java:642)
	at java.base/java.lang.Thread.run(Thread.java:1623)

Jan 08, 2026 11:33:10 AM ai.glog.execute.workers.FileCallableWorker call
SEVERE: null
java.lang.InterruptedException
	at java.base/java.util.concurrent.locks.AbstractQueuedSynchronizer$ConditionObject.awaitNanos(AbstractQueuedSynchronizer.java:1765)
	at java.base/java.util.concurrent.ThreadPoolExecutor.awaitTermination(ThreadPoolExecutor.java:1475)
	at ai.glog.execute.workers.FileCallableWorker.call(FileCallableWorker.java:62)
	at ai.glog.execute.workers.FileCallableWorker.call(FileCallableWorker.java:18)
	at java.base/java.util.concurrent.FutureTask.run(FutureTask.java:317)
	at java.base/java.util.concurrent.ThreadPoolExecutor.runWorker(ThreadPoolExecutor.java:1144)
	at java.base/java.util.concurrent.ThreadPoolExecutor$Worker.run(ThreadPoolExecutor.java:642)
	at java.base/java.lang.Thread.run(Thread.java:1623)

